<?xml version="1.0" encoding="UTF-8" ?>
<testsuite failures="0" time="2.377" errors="0" skipped="0" tests="3" name="belskii.artem.kickstarter.mvc.controller.QuoteControllerTest">
  <properties>
[...]
</properties>
  <testcase time="0.86" classname="belskii.artem.kickstarter.mvc.controller.QuoteControllerTest" name="testAddquote"/>
  <testcase time="0.765" classname="belskii.artem.kickstarter.mvc.controller.QuoteControllerTest" name="testQuoteController"/>
  <testcase time="0.752" classname="belskii.artem.kickstarter.mvc.controller.QuoteControllerTest" name="testGetRandomQuote"/>
</testsuite>